Save repository element : /home/admin/MDESReportETL/dwmob/delta_load/Dimensions/TRG_DL_DWH_CARD_DETAILS : Checked in
Save repository element : /home/admin/MDESReportETL/dwmob/delta_load/Dimensions/TRG_DL_DWH_USER_DETAILS : Checked in
Save repository element : /home/admin/MDESReportETL/dwmob/delta_load/Facts/TRG_DL_DWH_DEVICE_INFO : Checked in
Save repository element : /home/admin/MDESReportETL/dwmob/full_load/Dimensions/TRG_FL_DWH_CARD_DETAILS : Checked in
Save repository element : /home/admin/MDESReportETL/dwmob/full_load/Dimensions/TRG_FL_DWH_USER_DETAILS : Checked in
Save repository element : /home/admin/MDESReportETL/dwmob/full_load/Facts/TRG_FL_DWH_DEVICE_INFO : Checked in
Save repository element : /home/admin/MDESReportETL/dwmob/delta_load/dwmob_delta_load : Checked in
Save repository element : /home/admin/MDESReportETL/dwmob/delta_load/Dimensions/TRG_DL_DIMENSIONS_JOB : Checked in
Save repository element : /home/admin/MDESReportETL/dwmob/delta_load/Facts/TRG_DL_FACTS_JOB : Checked in
Save repository element : /home/admin/MDESReportETL/dwmob/full_load/dwmob_full_load : Checked in
Save repository element : /home/admin/MDESReportETL/dwmob/full_load/Dimensions/TRG_FL_DIMENSIONS_JOB : Checked in
Save repository element : /home/admin/MDESReportETL/dwmob/full_load/Facts/TRG_FL_FACTS_JOB : Checked in
Save database : Modification by user
Save repository element : MdesSourceDB : Modification by user
Save database : Modification by user
Save repository element : MdesTargetDB : Modification by user
Save database : Modification by user
Save repository element : MdesTargetDB : Modification by user
Save database : Modification by user
Save repository element : MdesTargetDB : Modification by user
Save database : Modification by user
Save repository element : MdesSourceDB : Modification by user
Save database : Modification by user
Save repository element : MdesTargetDB : Modification by user
Save database : Modification by user
Save repository element : MdesSourceDB : Modification by user
Save database : Modification by user
Save repository element : MdesTargetDB : Modification by user
Save database : Modification by user
Save repository element : MdesSourceDB : Modification by user
Save database : Modification by user
Save repository element : MdesTargetDB : Modification by user
Save database : Modification by user
Save repository element : MdesSourceDB : Modification by user
Save database : Modification by user
Save repository element : MdesTargetDB : Modification by user
Save database : Modification by user
Save repository element : MdesSourceDB : Modification by user
Save database : Modification by user
Save repository element : MdesSourceDB : Modification by user
Save database : Modification by user
Save repository element : MdesSourceDB : Modification by user
